node058.cm.cluster
this is a test
0

2022-04-08 21:47:36.139167: I tensorflow/stream_executor/platform/default/dso_loader.cc:49] Successfully opened dynamic library libcudart.so.11.0
2022-04-08 21:47:40.117831: I tensorflow/stream_executor/platform/default/dso_loader.cc:49] Successfully opened dynamic library libcuda.so.1
2022-04-08 21:47:40.160026: I tensorflow/core/common_runtime/gpu/gpu_device.cc:1770] Found device 0 with properties: 
pciBusID: 0000:83:00.0 name: GeForce GTX 1080 Ti computeCapability: 6.1
coreClock: 1.582GHz coreCount: 28 deviceMemorySize: 10.92GiB deviceMemoryBandwidth: 451.17GiB/s
2022-04-08 21:47:40.160141: I tensorflow/stream_executor/platform/default/dso_loader.cc:49] Successfully opened dynamic library libcudart.so.11.0
2022-04-08 21:47:40.191585: I tensorflow/stream_executor/platform/default/dso_loader.cc:49] Successfully opened dynamic library libcublas.so.11
2022-04-08 21:47:40.191655: I tensorflow/stream_executor/platform/default/dso_loader.cc:49] Successfully opened dynamic library libcublasLt.so.11
2022-04-08 21:47:40.209117: I tensorflow/stream_executor/platform/default/dso_loader.cc:49] Successfully opened dynamic library libcufft.so.10
2022-04-08 21:47:40.217402: I tensorflow/stream_executor/platform/default/dso_loader.cc:49] Successfully opened dynamic library libcurand.so.10
2022-04-08 21:47:40.245227: I tensorflow/stream_executor/platform/default/dso_loader.cc:49] Successfully opened dynamic library libcusolver.so.10
2022-04-08 21:47:40.252695: I tensorflow/stream_executor/platform/default/dso_loader.cc:49] Successfully opened dynamic library libcusparse.so.11
2022-04-08 21:47:40.254096: I tensorflow/stream_executor/platform/default/dso_loader.cc:49] Successfully opened dynamic library libcudnn.so.8
2022-04-08 21:47:40.258305: I tensorflow/core/common_runtime/gpu/gpu_device.cc:1908] Adding visible gpu devices: 0
2022-04-08 21:47:40.258669: I tensorflow/core/platform/cpu_feature_guard.cc:142] This TensorFlow binary is optimized with oneAPI Deep Neural Network Library (oneDNN) to use the following CPU instructions in performance-critical operations:  AVX2 FMA
To enable them in other operations, rebuild TensorFlow with the appropriate compiler flags.
2022-04-08 21:47:40.260006: I tensorflow/core/common_runtime/gpu/gpu_device.cc:1770] Found device 0 with properties: 
pciBusID: 0000:83:00.0 name: GeForce GTX 1080 Ti computeCapability: 6.1
coreClock: 1.582GHz coreCount: 28 deviceMemorySize: 10.92GiB deviceMemoryBandwidth: 451.17GiB/s
2022-04-08 21:47:40.262166: I tensorflow/core/common_runtime/gpu/gpu_device.cc:1908] Adding visible gpu devices: 0
2022-04-08 21:47:40.263109: I tensorflow/stream_executor/platform/default/dso_loader.cc:49] Successfully opened dynamic library libcudart.so.11.0
2022-04-08 21:47:42.668700: I tensorflow/core/common_runtime/gpu/gpu_device.cc:1300] Device interconnect StreamExecutor with strength 1 edge matrix:
2022-04-08 21:47:42.668804: I tensorflow/core/common_runtime/gpu/gpu_device.cc:1306]      0 
2022-04-08 21:47:42.668854: I tensorflow/core/common_runtime/gpu/gpu_device.cc:1319] 0:   N 
2022-04-08 21:47:42.686174: I tensorflow/core/common_runtime/gpu/gpu_device.cc:1456] Created TensorFlow device (/job:localhost/replica:0/task:0/device:GPU:0 with 10427 MB memory) -> physical GPU (device: 0, name: GeForce GTX 1080 Ti, pci bus id: 0000:83:00.0, compute capability: 6.1)
2022-04-08 21:48:01.201985: I tensorflow/compiler/mlir/mlir_graph_optimization_pass.cc:176] None of the MLIR Optimization Passes are enabled (registered 2)
2022-04-08 21:48:01.208284: I tensorflow/core/platform/profile_utils/cpu_utils.cc:114] CPU Frequency: 2200025000 Hz
2022-04-08 21:48:03.291493: I tensorflow/stream_executor/platform/default/dso_loader.cc:49] Successfully opened dynamic library libcudnn.so.8
2022-04-08 21:48:04.496171: I tensorflow/stream_executor/cuda/cuda_dnn.cc:334] Loaded cuDNN version 8004
2022-04-08 21:48:08.765367: I tensorflow/stream_executor/platform/default/dso_loader.cc:49] Successfully opened dynamic library libcublas.so.11
2022-04-08 21:48:10.142420: I tensorflow/stream_executor/platform/default/dso_loader.cc:49] Successfully opened dynamic library libcublasLt.so.11
Namespace(config='', experiment_id=0, experiment_type='testing', run='idle')
Experiment ID: 0
Learning rate:  0.001
Model: "model"
__________________________________________________________________________________________________
Layer (type)                    Output Shape         Param #     Connected to                     
==================================================================================================
input_1 (InputLayer)            [(None, 32, 32, 3)]  0                                            
__________________________________________________________________________________________________
conv2d (Conv2D)                 (None, 32, 32, 16)   448         input_1[0][0]                    
__________________________________________________________________________________________________
batch_normalization (BatchNorma (None, 32, 32, 16)   64          conv2d[0][0]                     
__________________________________________________________________________________________________
activation (Activation)         (None, 32, 32, 16)   0           batch_normalization[0][0]        
__________________________________________________________________________________________________
conv2d_1 (Conv2D)               (None, 32, 32, 16)   272         activation[0][0]                 
__________________________________________________________________________________________________
batch_normalization_1 (BatchNor (None, 32, 32, 16)   64          conv2d_1[0][0]                   
__________________________________________________________________________________________________
activation_1 (Activation)       (None, 32, 32, 16)   0           batch_normalization_1[0][0]      
__________________________________________________________________________________________________
conv2d_2 (Conv2D)               (None, 32, 32, 16)   2320        activation_1[0][0]               
__________________________________________________________________________________________________
batch_normalization_2 (BatchNor (None, 32, 32, 16)   64          conv2d_2[0][0]                   
__________________________________________________________________________________________________
activation_2 (Activation)       (None, 32, 32, 16)   0           batch_normalization_2[0][0]      
__________________________________________________________________________________________________
conv2d_4 (Conv2D)               (None, 32, 32, 64)   1088        activation[0][0]                 
__________________________________________________________________________________________________
conv2d_3 (Conv2D)               (None, 32, 32, 64)   1088        activation_2[0][0]               
__________________________________________________________________________________________________
add (Add)                       (None, 32, 32, 64)   0           conv2d_4[0][0]                   
                                                                 conv2d_3[0][0]                   
__________________________________________________________________________________________________
batch_normalization_3 (BatchNor (None, 32, 32, 64)   256         add[0][0]                        
__________________________________________________________________________________________________
activation_3 (Activation)       (None, 32, 32, 64)   0           batch_normalization_3[0][0]      
__________________________________________________________________________________________________
conv2d_5 (Conv2D)               (None, 32, 32, 16)   1040        activation_3[0][0]               
__________________________________________________________________________________________________
batch_normalization_4 (BatchNor (None, 32, 32, 16)   64          conv2d_5[0][0]                   
__________________________________________________________________________________________________
activation_4 (Activation)       (None, 32, 32, 16)   0           batch_normalization_4[0][0]      
__________________________________________________________________________________________________
conv2d_6 (Conv2D)               (None, 32, 32, 16)   2320        activation_4[0][0]               
__________________________________________________________________________________________________
batch_normalization_5 (BatchNor (None, 32, 32, 16)   64          conv2d_6[0][0]                   
__________________________________________________________________________________________________
activation_5 (Activation)       (None, 32, 32, 16)   0           batch_normalization_5[0][0]      
__________________________________________________________________________________________________
conv2d_7 (Conv2D)               (None, 32, 32, 64)   1088        activation_5[0][0]               
__________________________________________________________________________________________________
add_1 (Add)                     (None, 32, 32, 64)   0           add[0][0]                        
                                                                 conv2d_7[0][0]                   
__________________________________________________________________________________________________
batch_normalization_6 (BatchNor (None, 32, 32, 64)   256         add_1[0][0]                      
__________________________________________________________________________________________________
activation_6 (Activation)       (None, 32, 32, 64)   0           batch_normalization_6[0][0]      
__________________________________________________________________________________________________
conv2d_8 (Conv2D)               (None, 32, 32, 16)   1040        activation_6[0][0]               
__________________________________________________________________________________________________
batch_normalization_7 (BatchNor (None, 32, 32, 16)   64          conv2d_8[0][0]                   
__________________________________________________________________________________________________
activation_7 (Activation)       (None, 32, 32, 16)   0           batch_normalization_7[0][0]      
__________________________________________________________________________________________________
conv2d_9 (Conv2D)               (None, 32, 32, 16)   2320        activation_7[0][0]               
__________________________________________________________________________________________________
batch_normalization_8 (BatchNor (None, 32, 32, 16)   64          conv2d_9[0][0]                   
__________________________________________________________________________________________________
activation_8 (Activation)       (None, 32, 32, 16)   0           batch_normalization_8[0][0]      
__________________________________________________________________________________________________
conv2d_10 (Conv2D)              (None, 32, 32, 64)   1088        activation_8[0][0]               
__________________________________________________________________________________________________
add_2 (Add)                     (None, 32, 32, 64)   0           add_1[0][0]                      
                                                                 conv2d_10[0][0]                  
__________________________________________________________________________________________________
batch_normalization_9 (BatchNor (None, 32, 32, 64)   256         add_2[0][0]                      
__________________________________________________________________________________________________
activation_9 (Activation)       (None, 32, 32, 64)   0           batch_normalization_9[0][0]      
__________________________________________________________________________________________________
conv2d_11 (Conv2D)              (None, 32, 32, 16)   1040        activation_9[0][0]               
__________________________________________________________________________________________________
batch_normalization_10 (BatchNo (None, 32, 32, 16)   64          conv2d_11[0][0]                  
__________________________________________________________________________________________________
activation_10 (Activation)      (None, 32, 32, 16)   0           batch_normalization_10[0][0]     
__________________________________________________________________________________________________
conv2d_12 (Conv2D)              (None, 32, 32, 16)   2320        activation_10[0][0]              
__________________________________________________________________________________________________
batch_normalization_11 (BatchNo (None, 32, 32, 16)   64          conv2d_12[0][0]                  
__________________________________________________________________________________________________
activation_11 (Activation)      (None, 32, 32, 16)   0           batch_normalization_11[0][0]     
__________________________________________________________________________________________________
conv2d_13 (Conv2D)              (None, 32, 32, 64)   1088        activation_11[0][0]              
__________________________________________________________________________________________________
add_3 (Add)                     (None, 32, 32, 64)   0           add_2[0][0]                      
                                                                 conv2d_13[0][0]                  
__________________________________________________________________________________________________
batch_normalization_12 (BatchNo (None, 32, 32, 64)   256         add_3[0][0]                      
__________________________________________________________________________________________________
activation_12 (Activation)      (None, 32, 32, 64)   0           batch_normalization_12[0][0]     
__________________________________________________________________________________________________
conv2d_14 (Conv2D)              (None, 32, 32, 16)   1040        activation_12[0][0]              
__________________________________________________________________________________________________
batch_normalization_13 (BatchNo (None, 32, 32, 16)   64          conv2d_14[0][0]                  
__________________________________________________________________________________________________
activation_13 (Activation)      (None, 32, 32, 16)   0           batch_normalization_13[0][0]     
__________________________________________________________________________________________________
conv2d_15 (Conv2D)              (None, 32, 32, 16)   2320        activation_13[0][0]              
__________________________________________________________________________________________________
batch_normalization_14 (BatchNo (None, 32, 32, 16)   64          conv2d_15[0][0]                  
__________________________________________________________________________________________________
activation_14 (Activation)      (None, 32, 32, 16)   0           batch_normalization_14[0][0]     
__________________________________________________________________________________________________
conv2d_16 (Conv2D)              (None, 32, 32, 64)   1088        activation_14[0][0]              
__________________________________________________________________________________________________
add_4 (Add)                     (None, 32, 32, 64)   0           add_3[0][0]                      
                                                                 conv2d_16[0][0]                  
__________________________________________________________________________________________________
batch_normalization_15 (BatchNo (None, 32, 32, 64)   256         add_4[0][0]                      
__________________________________________________________________________________________________
activation_15 (Activation)      (None, 32, 32, 64)   0           batch_normalization_15[0][0]     
__________________________________________________________________________________________________
conv2d_17 (Conv2D)              (None, 32, 32, 16)   1040        activation_15[0][0]              
__________________________________________________________________________________________________
batch_normalization_16 (BatchNo (None, 32, 32, 16)   64          conv2d_17[0][0]                  
__________________________________________________________________________________________________
activation_16 (Activation)      (None, 32, 32, 16)   0           batch_normalization_16[0][0]     
__________________________________________________________________________________________________
conv2d_18 (Conv2D)              (None, 32, 32, 16)   2320        activation_16[0][0]              
__________________________________________________________________________________________________
batch_normalization_17 (BatchNo (None, 32, 32, 16)   64          conv2d_18[0][0]                  
__________________________________________________________________________________________________
activation_17 (Activation)      (None, 32, 32, 16)   0           batch_normalization_17[0][0]     
__________________________________________________________________________________________________
conv2d_19 (Conv2D)              (None, 32, 32, 64)   1088        activation_17[0][0]              
__________________________________________________________________________________________________
add_5 (Add)                     (None, 32, 32, 64)   0           add_4[0][0]                      
                                                                 conv2d_19[0][0]                  
__________________________________________________________________________________________________
batch_normalization_18 (BatchNo (None, 32, 32, 64)   256         add_5[0][0]                      
__________________________________________________________________________________________________
activation_18 (Activation)      (None, 32, 32, 64)   0           batch_normalization_18[0][0]     
__________________________________________________________________________________________________
conv2d_20 (Conv2D)              (None, 16, 16, 64)   4160        activation_18[0][0]              
__________________________________________________________________________________________________
batch_normalization_19 (BatchNo (None, 16, 16, 64)   256         conv2d_20[0][0]                  
__________________________________________________________________________________________________
activation_19 (Activation)      (None, 16, 16, 64)   0           batch_normalization_19[0][0]     
__________________________________________________________________________________________________
conv2d_21 (Conv2D)              (None, 16, 16, 64)   36928       activation_19[0][0]              
__________________________________________________________________________________________________
batch_normalization_20 (BatchNo (None, 16, 16, 64)   256         conv2d_21[0][0]                  
__________________________________________________________________________________________________
activation_20 (Activation)      (None, 16, 16, 64)   0           batch_normalization_20[0][0]     
__________________________________________________________________________________________________
conv2d_23 (Conv2D)              (None, 16, 16, 128)  8320        add_5[0][0]                      
__________________________________________________________________________________________________
conv2d_22 (Conv2D)              (None, 16, 16, 128)  8320        activation_20[0][0]              
__________________________________________________________________________________________________
add_6 (Add)                     (None, 16, 16, 128)  0           conv2d_23[0][0]                  
                                                                 conv2d_22[0][0]                  
__________________________________________________________________________________________________
batch_normalization_21 (BatchNo (None, 16, 16, 128)  512         add_6[0][0]                      
__________________________________________________________________________________________________
activation_21 (Activation)      (None, 16, 16, 128)  0           batch_normalization_21[0][0]     
__________________________________________________________________________________________________
conv2d_24 (Conv2D)              (None, 16, 16, 64)   8256        activation_21[0][0]              
__________________________________________________________________________________________________
batch_normalization_22 (BatchNo (None, 16, 16, 64)   256         conv2d_24[0][0]                  
__________________________________________________________________________________________________
activation_22 (Activation)      (None, 16, 16, 64)   0           batch_normalization_22[0][0]     
__________________________________________________________________________________________________
conv2d_25 (Conv2D)              (None, 16, 16, 64)   36928       activation_22[0][0]              
__________________________________________________________________________________________________
batch_normalization_23 (BatchNo (None, 16, 16, 64)   256         conv2d_25[0][0]                  
__________________________________________________________________________________________________
activation_23 (Activation)      (None, 16, 16, 64)   0           batch_normalization_23[0][0]     
__________________________________________________________________________________________________
conv2d_26 (Conv2D)              (None, 16, 16, 128)  8320        activation_23[0][0]              
__________________________________________________________________________________________________
add_7 (Add)                     (None, 16, 16, 128)  0           add_6[0][0]                      
                                                                 conv2d_26[0][0]                  
__________________________________________________________________________________________________
batch_normalization_24 (BatchNo (None, 16, 16, 128)  512         add_7[0][0]                      
__________________________________________________________________________________________________
activation_24 (Activation)      (None, 16, 16, 128)  0           batch_normalization_24[0][0]     
__________________________________________________________________________________________________
conv2d_27 (Conv2D)              (None, 16, 16, 64)   8256        activation_24[0][0]              
__________________________________________________________________________________________________
batch_normalization_25 (BatchNo (None, 16, 16, 64)   256         conv2d_27[0][0]                  
__________________________________________________________________________________________________
activation_25 (Activation)      (None, 16, 16, 64)   0           batch_normalization_25[0][0]     
__________________________________________________________________________________________________
conv2d_28 (Conv2D)              (None, 16, 16, 64)   36928       activation_25[0][0]              
__________________________________________________________________________________________________
batch_normalization_26 (BatchNo (None, 16, 16, 64)   256         conv2d_28[0][0]                  
__________________________________________________________________________________________________
activation_26 (Activation)      (None, 16, 16, 64)   0           batch_normalization_26[0][0]     
__________________________________________________________________________________________________
conv2d_29 (Conv2D)              (None, 16, 16, 128)  8320        activation_26[0][0]              
__________________________________________________________________________________________________
add_8 (Add)                     (None, 16, 16, 128)  0           add_7[0][0]                      
                                                                 conv2d_29[0][0]                  
__________________________________________________________________________________________________
batch_normalization_27 (BatchNo (None, 16, 16, 128)  512         add_8[0][0]                      
__________________________________________________________________________________________________
activation_27 (Activation)      (None, 16, 16, 128)  0           batch_normalization_27[0][0]     
__________________________________________________________________________________________________
conv2d_30 (Conv2D)              (None, 16, 16, 64)   8256        activation_27[0][0]              
__________________________________________________________________________________________________
batch_normalization_28 (BatchNo (None, 16, 16, 64)   256         conv2d_30[0][0]                  
__________________________________________________________________________________________________
activation_28 (Activation)      (None, 16, 16, 64)   0           batch_normalization_28[0][0]     
__________________________________________________________________________________________________
conv2d_31 (Conv2D)              (None, 16, 16, 64)   36928       activation_28[0][0]              
__________________________________________________________________________________________________
batch_normalization_29 (BatchNo (None, 16, 16, 64)   256         conv2d_31[0][0]                  
__________________________________________________________________________________________________
activation_29 (Activation)      (None, 16, 16, 64)   0           batch_normalization_29[0][0]     
__________________________________________________________________________________________________
conv2d_32 (Conv2D)              (None, 16, 16, 128)  8320        activation_29[0][0]              
__________________________________________________________________________________________________
add_9 (Add)                     (None, 16, 16, 128)  0           add_8[0][0]                      
                                                                 conv2d_32[0][0]                  
__________________________________________________________________________________________________
batch_normalization_30 (BatchNo (None, 16, 16, 128)  512         add_9[0][0]                      
__________________________________________________________________________________________________
activation_30 (Activation)      (None, 16, 16, 128)  0           batch_normalization_30[0][0]     
__________________________________________________________________________________________________
conv2d_33 (Conv2D)              (None, 16, 16, 64)   8256        activation_30[0][0]              
__________________________________________________________________________________________________
batch_normalization_31 (BatchNo (None, 16, 16, 64)   256         conv2d_33[0][0]                  
__________________________________________________________________________________________________
activation_31 (Activation)      (None, 16, 16, 64)   0           batch_normalization_31[0][0]     
__________________________________________________________________________________________________
conv2d_34 (Conv2D)              (None, 16, 16, 64)   36928       activation_31[0][0]              
__________________________________________________________________________________________________
batch_normalization_32 (BatchNo (None, 16, 16, 64)   256         conv2d_34[0][0]                  
__________________________________________________________________________________________________
activation_32 (Activation)      (None, 16, 16, 64)   0           batch_normalization_32[0][0]     
__________________________________________________________________________________________________
conv2d_35 (Conv2D)              (None, 16, 16, 128)  8320        activation_32[0][0]              
__________________________________________________________________________________________________
add_10 (Add)                    (None, 16, 16, 128)  0           add_9[0][0]                      
                                                                 conv2d_35[0][0]                  
__________________________________________________________________________________________________
batch_normalization_33 (BatchNo (None, 16, 16, 128)  512         add_10[0][0]                     
__________________________________________________________________________________________________
activation_33 (Activation)      (None, 16, 16, 128)  0           batch_normalization_33[0][0]     
__________________________________________________________________________________________________
conv2d_36 (Conv2D)              (None, 16, 16, 64)   8256        activation_33[0][0]              
__________________________________________________________________________________________________
batch_normalization_34 (BatchNo (None, 16, 16, 64)   256         conv2d_36[0][0]                  
__________________________________________________________________________________________________
activation_34 (Activation)      (None, 16, 16, 64)   0           batch_normalization_34[0][0]     
__________________________________________________________________________________________________
conv2d_37 (Conv2D)              (None, 16, 16, 64)   36928       activation_34[0][0]              
__________________________________________________________________________________________________
batch_normalization_35 (BatchNo (None, 16, 16, 64)   256         conv2d_37[0][0]                  
__________________________________________________________________________________________________
activation_35 (Activation)      (None, 16, 16, 64)   0           batch_normalization_35[0][0]     
__________________________________________________________________________________________________
conv2d_38 (Conv2D)              (None, 16, 16, 128)  8320        activation_35[0][0]              
__________________________________________________________________________________________________
add_11 (Add)                    (None, 16, 16, 128)  0           add_10[0][0]                     
                                                                 conv2d_38[0][0]                  
__________________________________________________________________________________________________
batch_normalization_36 (BatchNo (None, 16, 16, 128)  512         add_11[0][0]                     
__________________________________________________________________________________________________
activation_36 (Activation)      (None, 16, 16, 128)  0           batch_normalization_36[0][0]     
__________________________________________________________________________________________________
conv2d_39 (Conv2D)              (None, 8, 8, 128)    16512       activation_36[0][0]              
__________________________________________________________________________________________________
batch_normalization_37 (BatchNo (None, 8, 8, 128)    512         conv2d_39[0][0]                  
__________________________________________________________________________________________________
activation_37 (Activation)      (None, 8, 8, 128)    0           batch_normalization_37[0][0]     
__________________________________________________________________________________________________
conv2d_40 (Conv2D)              (None, 8, 8, 128)    147584      activation_37[0][0]              
__________________________________________________________________________________________________
batch_normalization_38 (BatchNo (None, 8, 8, 128)    512         conv2d_40[0][0]                  
__________________________________________________________________________________________________
activation_38 (Activation)      (None, 8, 8, 128)    0           batch_normalization_38[0][0]     
__________________________________________________________________________________________________
conv2d_42 (Conv2D)              (None, 8, 8, 256)    33024       add_11[0][0]                     
__________________________________________________________________________________________________
conv2d_41 (Conv2D)              (None, 8, 8, 256)    33024       activation_38[0][0]              
__________________________________________________________________________________________________
add_12 (Add)                    (None, 8, 8, 256)    0           conv2d_42[0][0]                  
                                                                 conv2d_41[0][0]                  
__________________________________________________________________________________________________
batch_normalization_39 (BatchNo (None, 8, 8, 256)    1024        add_12[0][0]                     
__________________________________________________________________________________________________
activation_39 (Activation)      (None, 8, 8, 256)    0           batch_normalization_39[0][0]     
__________________________________________________________________________________________________
conv2d_43 (Conv2D)              (None, 8, 8, 128)    32896       activation_39[0][0]              
__________________________________________________________________________________________________
batch_normalization_40 (BatchNo (None, 8, 8, 128)    512         conv2d_43[0][0]                  
__________________________________________________________________________________________________
activation_40 (Activation)      (None, 8, 8, 128)    0           batch_normalization_40[0][0]     
__________________________________________________________________________________________________
conv2d_44 (Conv2D)              (None, 8, 8, 128)    147584      activation_40[0][0]              
__________________________________________________________________________________________________
batch_normalization_41 (BatchNo (None, 8, 8, 128)    512         conv2d_44[0][0]                  
__________________________________________________________________________________________________
activation_41 (Activation)      (None, 8, 8, 128)    0           batch_normalization_41[0][0]     
__________________________________________________________________________________________________
conv2d_45 (Conv2D)              (None, 8, 8, 256)    33024       activation_41[0][0]              
__________________________________________________________________________________________________
add_13 (Add)                    (None, 8, 8, 256)    0           add_12[0][0]                     
                                                                 conv2d_45[0][0]                  
__________________________________________________________________________________________________
batch_normalization_42 (BatchNo (None, 8, 8, 256)    1024        add_13[0][0]                     
__________________________________________________________________________________________________
activation_42 (Activation)      (None, 8, 8, 256)    0           batch_normalization_42[0][0]     
__________________________________________________________________________________________________
conv2d_46 (Conv2D)              (None, 8, 8, 128)    32896       activation_42[0][0]              
__________________________________________________________________________________________________
batch_normalization_43 (BatchNo (None, 8, 8, 128)    512         conv2d_46[0][0]                  
__________________________________________________________________________________________________
activation_43 (Activation)      (None, 8, 8, 128)    0           batch_normalization_43[0][0]     
__________________________________________________________________________________________________
conv2d_47 (Conv2D)              (None, 8, 8, 128)    147584      activation_43[0][0]              
__________________________________________________________________________________________________
batch_normalization_44 (BatchNo (None, 8, 8, 128)    512         conv2d_47[0][0]                  
__________________________________________________________________________________________________
activation_44 (Activation)      (None, 8, 8, 128)    0           batch_normalization_44[0][0]     
__________________________________________________________________________________________________
conv2d_48 (Conv2D)              (None, 8, 8, 256)    33024       activation_44[0][0]              
__________________________________________________________________________________________________
add_14 (Add)                    (None, 8, 8, 256)    0           add_13[0][0]                     
                                                                 conv2d_48[0][0]                  
__________________________________________________________________________________________________
batch_normalization_45 (BatchNo (None, 8, 8, 256)    1024        add_14[0][0]                     
__________________________________________________________________________________________________
activation_45 (Activation)      (None, 8, 8, 256)    0           batch_normalization_45[0][0]     
__________________________________________________________________________________________________
conv2d_49 (Conv2D)              (None, 8, 8, 128)    32896       activation_45[0][0]              
__________________________________________________________________________________________________
batch_normalization_46 (BatchNo (None, 8, 8, 128)    512         conv2d_49[0][0]                  
__________________________________________________________________________________________________
activation_46 (Activation)      (None, 8, 8, 128)    0           batch_normalization_46[0][0]     
__________________________________________________________________________________________________
conv2d_50 (Conv2D)              (None, 8, 8, 128)    147584      activation_46[0][0]              
__________________________________________________________________________________________________
batch_normalization_47 (BatchNo (None, 8, 8, 128)    512         conv2d_50[0][0]                  
__________________________________________________________________________________________________
activation_47 (Activation)      (None, 8, 8, 128)    0           batch_normalization_47[0][0]     
__________________________________________________________________________________________________
conv2d_51 (Conv2D)              (None, 8, 8, 256)    33024       activation_47[0][0]              
__________________________________________________________________________________________________
add_15 (Add)                    (None, 8, 8, 256)    0           add_14[0][0]                     
                                                                 conv2d_51[0][0]                  
__________________________________________________________________________________________________
batch_normalization_48 (BatchNo (None, 8, 8, 256)    1024        add_15[0][0]                     
__________________________________________________________________________________________________
activation_48 (Activation)      (None, 8, 8, 256)    0           batch_normalization_48[0][0]     
__________________________________________________________________________________________________
conv2d_52 (Conv2D)              (None, 8, 8, 128)    32896       activation_48[0][0]              
__________________________________________________________________________________________________
batch_normalization_49 (BatchNo (None, 8, 8, 128)    512         conv2d_52[0][0]                  
__________________________________________________________________________________________________
activation_49 (Activation)      (None, 8, 8, 128)    0           batch_normalization_49[0][0]     
__________________________________________________________________________________________________
conv2d_53 (Conv2D)              (None, 8, 8, 128)    147584      activation_49[0][0]              
__________________________________________________________________________________________________
batch_normalization_50 (BatchNo (None, 8, 8, 128)    512         conv2d_53[0][0]                  
__________________________________________________________________________________________________
activation_50 (Activation)      (None, 8, 8, 128)    0           batch_normalization_50[0][0]     
__________________________________________________________________________________________________
conv2d_54 (Conv2D)              (None, 8, 8, 256)    33024       activation_50[0][0]              
__________________________________________________________________________________________________
add_16 (Add)                    (None, 8, 8, 256)    0           add_15[0][0]                     
                                                                 conv2d_54[0][0]                  
__________________________________________________________________________________________________
batch_normalization_51 (BatchNo (None, 8, 8, 256)    1024        add_16[0][0]                     
__________________________________________________________________________________________________
activation_51 (Activation)      (None, 8, 8, 256)    0           batch_normalization_51[0][0]     
__________________________________________________________________________________________________
conv2d_55 (Conv2D)              (None, 8, 8, 128)    32896       activation_51[0][0]              
__________________________________________________________________________________________________
batch_normalization_52 (BatchNo (None, 8, 8, 128)    512         conv2d_55[0][0]                  
__________________________________________________________________________________________________
activation_52 (Activation)      (None, 8, 8, 128)    0           batch_normalization_52[0][0]     
__________________________________________________________________________________________________
conv2d_56 (Conv2D)              (None, 8, 8, 128)    147584      activation_52[0][0]              
__________________________________________________________________________________________________
batch_normalization_53 (BatchNo (None, 8, 8, 128)    512         conv2d_56[0][0]                  
__________________________________________________________________________________________________
activation_53 (Activation)      (None, 8, 8, 128)    0           batch_normalization_53[0][0]     
__________________________________________________________________________________________________
conv2d_57 (Conv2D)              (None, 8, 8, 256)    33024       activation_53[0][0]              
__________________________________________________________________________________________________
add_17 (Add)                    (None, 8, 8, 256)    0           add_16[0][0]                     
                                                                 conv2d_57[0][0]                  
__________________________________________________________________________________________________
gaussian_noise (GaussianNoise)  (None, 8, 8, 256)    0           add_17[0][0]                     
__________________________________________________________________________________________________
batch_normalization_54 (BatchNo (None, 8, 8, 256)    1024        gaussian_noise[0][0]             
__________________________________________________________________________________________________
activation_54 (Activation)      (None, 8, 8, 256)    0           batch_normalization_54[0][0]     
__________________________________________________________________________________________________
average_pooling2d (AveragePooli (None, 1, 1, 256)    0           activation_54[0][0]              
__________________________________________________________________________________________________
flatten (Flatten)               (None, 256)          0           average_pooling2d[0][0]          
__________________________________________________________________________________________________
dense (Dense)                   (None, 10)           2570        flatten[0][0]                    
==================================================================================================
Total params: 1,673,738
Trainable params: 1,663,338
Non-trainable params: 10,400
__________________________________________________________________________________________________
ResNet56v2
train shape (50000, 32, 32, 3)
Learning rate:  0.001
8000
rayBlurNoise 0.8371250033378601
Learning rate:  0.001
8000
ioMimetic 0.8585000038146973
Learning rate:  0.001
8000
oise 0.8612499833106995
Learning rate:  0.001
8000
rayBlurColor 0.8611249923706055
Learning rate:  0.001
8000
rayBlurloc1 0.8241249918937683
Learning rate:  0.001
8000
ntiBio 0.8420000076293945
Learning rate:  0.001
8000
aseline 0.8675000071525574
train shape (50000, 32, 32, 3)
Learning rate:  0.001
8000
rayBlurNoise 0.8262500166893005
Learning rate:  0.001
8000
ioMimetic 0.8462499976158142
Learning rate:  0.001
8000
oise 0.8548750281333923
Learning rate:  0.001
8000
rayBlurColor 0.8543750047683716
Learning rate:  0.001
8000
rayBlurloc1 0.809499979019165
Learning rate:  0.001
8000
ntiBio 0.8246250152587891
Learning rate:  0.001
8000
aseline 0.8576250076293945
train shape (50000, 32, 32, 3)
Learning rate:  0.001
8000
rayBlurNoise 0.7860000133514404
Learning rate:  0.001
8000
ioMimetic 0.8206250071525574
Learning rate:  0.001
8000
oise 0.827875018119812
Learning rate:  0.001
8000
rayBlurColor 0.8216249942779541
Learning rate:  0.001
8000
rayBlurloc1 0.7749999761581421
Learning rate:  0.001
8000
ntiBio 0.7883750200271606
Learning rate:  0.001
8000
aseline 0.824999988079071
train shape (50000, 32, 32, 3)
Learning rate:  0.001
8000
rayBlurNoise 0.7229999899864197
Learning rate:  0.001
8000
ioMimetic 0.7628750205039978
Learning rate:  0.001
8000
oise 0.7743750214576721
Learning rate:  0.001
8000
rayBlurColor 0.7753750085830688
Learning rate:  0.001
8000
rayBlurloc1 0.7145000100135803
Learning rate:  0.001
8000
ntiBio 0.7267500162124634
Learning rate:  0.001
8000
aseline 0.7667499780654907
train shape (50000, 32, 32, 3)
Learning rate:  0.001
8000
rayBlurNoise 0.6451249718666077
Learning rate:  0.001
8000
ioMimetic 0.6977499723434448
Learning rate:  0.001
8000
oise 0.7133749723434448
Learning rate:  0.001
8000
rayBlurColor 0.7206249833106995
Learning rate:  0.001
8000
rayBlurloc1 0.6383749842643738
Learning rate:  0.001
8000
ntiBio 0.6464999914169312
Learning rate:  0.001
8000
aseline 0.6811249852180481
train shape (50000, 32, 32, 3)
Learning rate:  0.001
8000
rayBlurNoise 0.5634999871253967
Learning rate:  0.001
8000
ioMimetic 0.6158750057220459
Learning rate:  0.001
8000
oise 0.6318749785423279
Learning rate:  0.001
8000
rayBlurColor 0.6463750004768372
Learning rate:  0.001
8000
rayBlurloc1 0.5497499704360962
Learning rate:  0.001
8000
ntiBio 0.5565000176429749
Learning rate:  0.001
8000
aseline 0.5924999713897705
train shape (50000, 32, 32, 3)
Learning rate:  0.001
8000
rayBlurNoise 0.46825000643730164
Learning rate:  0.001
8000
ioMimetic 0.5237500071525574
Learning rate:  0.001
8000
oise 0.547124981880188
Learning rate:  0.001
8000
rayBlurColor 0.578499972820282
Learning rate:  0.001
8000
rayBlurloc1 0.47699999809265137
Learning rate:  0.001
8000
ntiBio 0.45762500166893005
Learning rate:  0.001
8000
aseline 0.49562498927116394
train shape (50000, 32, 32, 3)
Learning rate:  0.001
8000
rayBlurNoise 0.39237499237060547
Learning rate:  0.001
8000
ioMimetic 0.44312500953674316
Learning rate:  0.001
8000
oise 0.4716250002384186
Learning rate:  0.001
8000
rayBlurColor 0.503125011920929
Learning rate:  0.001
8000
rayBlurloc1 0.3946250081062317
Learning rate:  0.001
8000
ntiBio 0.3700000047683716
Learning rate:  0.001
8000
aseline 0.4203749895095825
train shape (50000, 32, 32, 3)
Learning rate:  0.001
8000
rayBlurNoise 0.3318749964237213
Learning rate:  0.001
8000
ioMimetic 0.3721249997615814
Learning rate:  0.001
8000
oise 0.40062499046325684
Learning rate:  0.001
8000
rayBlurColor 0.43537500500679016
Learning rate:  0.001
8000
rayBlurloc1 0.3343749940395355
Learning rate:  0.001
8000
ntiBio 0.2992500066757202
Learning rate:  0.001
8000
aseline 0.34587499499320984
train shape (50000, 32, 32, 3)
Learning rate:  0.001
8000
rayBlurNoise 0.28450000286102295
Learning rate:  0.001
8000
ioMimetic 0.30799999833106995
Learning rate:  0.001
8000
oise 0.34850001335144043
Learning rate:  0.001
8000
rayBlurColor 0.3765000104904175
Learning rate:  0.001
8000
rayBlurloc1 0.28062498569488525
Learning rate:  0.001
8000
ntiBio 0.2515000104904175
Learning rate:  0.001
8000
aseline 0.29737499356269836
